2025-02-25 13:56:00 | DEBUG | repo=pv243-a4m36jee-2018-security-seminar | action=commit
2025-07-08 07:39:00 | WARN | repo=pv243-a4m36jee-2018-security-seminar | action=commit
2025-01-02 18:25:00 | DEBUG | repo=pv243-a4m36jee-2018-security-seminar | action=commit
2025-03-20 15:21:00 | WARN | repo=pv243-a4m36jee-2018-security-seminar | action=commit
2025-09-24 21:20:00 | INFO | repo=pv243-a4m36jee-2018-security-seminar | action=commit
2025-06-13 07:49:00 | WARN | repo=pv243-a4m36jee-2018-security-seminar | action=commit
2025-04-14 18:46:00 | INFO | repo=pv243-a4m36jee-2018-security-seminar | action=commit
2025-04-24 18:19:00 | DEBUG | repo=pv243-a4m36jee-2018-security-seminar | action=commit
2025-05-22 07:50:00 | WARN | repo=pv243-a4m36jee-2018-security-seminar | action=commit
2025-03-19 14:22:00 | INFO | repo=pv243-a4m36jee-2018-security-seminar | action=edit | files=2
2025-03-08 16:07:00 | INFO | repo=pv243-a4m36jee-2018-security-seminar | action=commit
2025-05-25 19:14:00 | WARN | repo=pv243-a4m36jee-2018-security-seminar | action=commit
2025-01-20 07:19:00 | WARN | repo=pv243-a4m36jee-2018-security-seminar | action=commit
2025-12-16 09:33:00 | INFO | repo=pv243-a4m36jee-2018-security-seminar | action=commit
2025-09-03 09:36:00 | DEBUG | repo=pv243-a4m36jee-2018-security-seminar | action=commit
2025-02-13 15:16:00 | INFO | repo=pv243-a4m36jee-2018-security-seminar | action=commit
2025-02-21 20:21:00 | WARN | repo=pv243-a4m36jee-2018-security-seminar | action=commit
2025-07-19 11:47:00 | DEBUG | repo=pv243-a4m36jee-2018-security-seminar | action=commit
2025-01-08 16:52:00 | INFO | repo=pv243-a4m36jee-2018-security-seminar | action=commit
2025-10-26 17:26:00 | WARN | repo=pv243-a4m36jee-2018-security-seminar | action=commit
2025-05-28 12:01:00 | INFO | repo=pv243-a4m36jee-2018-security-seminar | action=commit
2025-04-19 12:42:00 | WARN | repo=pv243-a4m36jee-2018-security-seminar | action=commit
2025-01-03 07:22:00 | INFO | repo=pv243-a4m36jee-2018-security-seminar | action=commit
2025-03-04 14:33:00 | DEBUG | repo=pv243-a4m36jee-2018-security-seminar | action=commit
2025-10-16 20:53:00 | DEBUG | repo=pv243-a4m36jee-2018-security-seminar | action=commit
2025-02-09 08:16:00 | INFO | repo=pv243-a4m36jee-2018-security-seminar | action=commit
2025-10-12 13:32:00 | INFO | repo=pv243-a4m36jee-2018-security-seminar | action=commit
2025-01-16 17:15:00 | WARN | repo=pv243-a4m36jee-2018-security-seminar | action=commit
2025-07-18 09:11:00 | INFO | repo=pv243-a4m36jee-2018-security-seminar | action=pull
2025-09-24 19:14:00 | INFO | repo=pv243-a4m36jee-2018-security-seminar | action=commit
2025-11-17 11:19:00 | WARN | repo=pv243-a4m36jee-2018-security-seminar | action=test | passed=true
2025-03-19 09:51:00 | DEBUG | repo=pv243-a4m36jee-2018-security-seminar | action=commit
2025-06-15 07:40:00 | INFO | repo=pv243-a4m36jee-2018-security-seminar | action=commit
2025-10-10 12:39:00 | DEBUG | repo=pv243-a4m36jee-2018-security-seminar | action=commit
2025-11-27 13:22:00 | DEBUG | repo=pv243-a4m36jee-2018-security-seminar | action=commit
2025-05-01 11:21:00 | INFO | repo=pv243-a4m36jee-2018-security-seminar | action=commit
2025-07-14 16:12:00 | INFO | repo=pv243-a4m36jee-2018-security-seminar | action=commit
2025-06-28 16:56:00 | WARN | repo=pv243-a4m36jee-2018-security-seminar | action=commit
2025-06-03 07:52:00 | DEBUG | repo=pv243-a4m36jee-2018-security-seminar | action=test | passed=true
2025-08-09 07:59:00 | DEBUG | repo=pv243-a4m36jee-2018-security-seminar | action=commit
2025-09-20 15:57:00 | WARN | repo=pv243-a4m36jee-2018-security-seminar | action=test | passed=true
2025-02-01 08:17:00 | DEBUG | repo=pv243-a4m36jee-2018-security-seminar | action=test | passed=true
2025-01-10 15:02:00 | INFO | repo=pv243-a4m36jee-2018-security-seminar | action=commit
2025-09-14 20:15:00 | INFO | repo=pv243-a4m36jee-2018-security-seminar | action=commit
2025-11-23 09:35:00 | DEBUG | repo=pv243-a4m36jee-2018-security-seminar | action=commit
2025-04-27 21:33:00 | INFO | repo=pv243-a4m36jee-2018-security-seminar | action=commit
2025-03-01 20:47:00 | INFO | repo=pv243-a4m36jee-2018-security-seminar | action=edit | files=4
2025-01-10 07:36:00 | WARN | repo=pv243-a4m36jee-2018-security-seminar | action=pull
2025-05-16 19:32:00 | DEBUG | repo=pv243-a4m36jee-2018-security-seminar | action=pull
2025-01-10 20:14:00 | INFO | repo=pv243-a4m36jee-2018-security-seminar | action=commit
2025-11-13 17:10:00 | DEBUG | repo=pv243-a4m36jee-2018-security-seminar | action=pull
2025-05-11 10:20:00 | WARN | repo=pv243-a4m36jee-2018-security-seminar | action=commit
2025-10-10 21:49:00 | WARN | repo=pv243-a4m36jee-2018-security-seminar | action=commit
2025-08-08 08:28:00 | DEBUG | repo=pv243-a4m36jee-2018-security-seminar | action=pull
2025-02-03 19:57:00 | INFO | repo=pv243-a4m36jee-2018-security-seminar | action=commit
2025-04-09 08:34:00 | INFO | repo=pv243-a4m36jee-2018-security-seminar | action=commit
2025-06-05 21:55:00 | DEBUG | repo=pv243-a4m36jee-2018-security-seminar | action=commit
2025-07-18 08:42:00 | DEBUG | repo=pv243-a4m36jee-2018-security-seminar | action=commit
2025-08-27 07:17:00 | INFO | repo=pv243-a4m36jee-2018-security-seminar | action=test | passed=true
2025-04-15 11:17:00 | DEBUG | repo=pv243-a4m36jee-2018-security-seminar | action=commit
2025-01-10 10:24:00 | INFO | repo=pv243-a4m36jee-2018-security-seminar | action=commit
2025-02-12 10:27:00 | DEBUG | repo=pv243-a4m36jee-2018-security-seminar | action=commit
2025-12-13 14:05:00 | DEBUG | repo=pv243-a4m36jee-2018-security-seminar | action=commit
2025-11-20 15:37:00 | INFO | repo=pv243-a4m36jee-2018-security-seminar | action=commit
2025-09-23 10:28:00 | INFO | repo=pv243-a4m36jee-2018-security-seminar | action=commit
2025-03-10 11:41:00 | DEBUG | repo=pv243-a4m36jee-2018-security-seminar | action=pull
2025-03-05 14:40:00 | WARN | repo=pv243-a4m36jee-2018-security-seminar | action=commit
2025-05-21 13:32:00 | WARN | repo=pv243-a4m36jee-2018-security-seminar | action=test | passed=true
2025-06-19 18:44:00 | INFO | repo=pv243-a4m36jee-2018-security-seminar | action=commit
2025-06-15 11:55:00 | DEBUG | repo=pv243-a4m36jee-2018-security-seminar | action=test | passed=true
2025-03-21 19:22:00 | WARN | repo=pv243-a4m36jee-2018-security-seminar | action=edit | files=3
2025-09-16 13:18:00 | DEBUG | repo=pv243-a4m36jee-2018-security-seminar | action=commit
2025-07-05 14:07:00 | INFO | repo=pv243-a4m36jee-2018-security-seminar | action=commit
2025-01-17 11:28:00 | INFO | repo=pv243-a4m36jee-2018-security-seminar | action=commit
2025-07-21 07:15:00 | DEBUG | repo=pv243-a4m36jee-2018-security-seminar | action=pull
2025-01-14 19:50:00 | WARN | repo=pv243-a4m36jee-2018-security-seminar | action=commit
2025-12-26 15:14:00 | INFO | repo=pv243-a4m36jee-2018-security-seminar | action=commit
2025-10-06 07:07:00 | DEBUG | repo=pv243-a4m36jee-2018-security-seminar | action=commit
2025-02-13 19:46:00 | WARN | repo=pv243-a4m36jee-2018-security-seminar | action=commit
2025-02-23 13:52:00 | INFO | repo=pv243-a4m36jee-2018-security-seminar | action=pull
2025-12-12 17:34:00 | WARN | repo=pv243-a4m36jee-2018-security-seminar | action=commit
2025-09-07 10:37:00 | WARN | repo=pv243-a4m36jee-2018-security-seminar | action=commit
2025-04-02 18:33:00 | INFO | repo=pv243-a4m36jee-2018-security-seminar | action=commit
2025-07-04 21:54:00 | DEBUG | repo=pv243-a4m36jee-2018-security-seminar | action=commit
2025-04-26 19:24:00 | INFO | repo=pv243-a4m36jee-2018-security-seminar | action=pull
2025-01-15 13:37:00 | WARN | repo=pv243-a4m36jee-2018-security-seminar | action=edit | files=4
2025-10-11 20:21:00 | INFO | repo=pv243-a4m36jee-2018-security-seminar | action=commit
2025-09-06 11:38:00 | DEBUG | repo=pv243-a4m36jee-2018-security-seminar | action=commit
2025-11-16 19:52:00 | WARN | repo=pv243-a4m36jee-2018-security-seminar | action=edit | files=3
2025-08-14 21:06:00 | INFO | repo=pv243-a4m36jee-2018-security-seminar | action=pull
2025-03-19 21:19:00 | DEBUG | repo=pv243-a4m36jee-2018-security-seminar | action=commit
2025-12-25 21:46:00 | INFO | repo=pv243-a4m36jee-2018-security-seminar | action=commit
2025-04-23 15:36:00 | WARN | repo=pv243-a4m36jee-2018-security-seminar | action=commit
2025-12-22 17:33:00 | INFO | repo=pv243-a4m36jee-2018-security-seminar | action=commit
2025-11-05 08:27:00 | INFO | repo=pv243-a4m36jee-2018-security-seminar | action=edit | files=1
2025-04-11 13:24:00 | INFO | repo=pv243-a4m36jee-2018-security-seminar | action=commit
2025-10-08 18:29:00 | DEBUG | repo=pv243-a4m36jee-2018-security-seminar | action=commit
2025-05-14 16:16:00 | DEBUG | repo=pv243-a4m36jee-2018-security-seminar | action=pull
2025-06-24 21:05:00 | DEBUG | repo=pv243-a4m36jee-2018-security-seminar | action=commit
2025-09-07 07:55:00 | DEBUG | repo=pv243-a4m36jee-2018-security-seminar | action=commit
2025-05-18 16:28:00 | WARN | repo=pv243-a4m36jee-2018-security-seminar | action=commit
2025-07-04 07:46:00 | DEBUG | repo=pv243-a4m36jee-2018-security-seminar | action=commit
2025-03-14 12:12:00 | INFO | repo=pv243-a4m36jee-2018-security-seminar | action=pull
2025-09-01 12:07:00 | INFO | repo=pv243-a4m36jee-2018-security-seminar | action=commit
2025-02-09 16:16:00 | INFO | repo=pv243-a4m36jee-2018-security-seminar | action=commit
2025-09-22 07:18:00 | INFO | repo=pv243-a4m36jee-2018-security-seminar | action=commit
2025-07-08 10:54:00 | INFO | repo=pv243-a4m36jee-2018-security-seminar | action=edit | files=3
2025-08-28 20:59:00 | INFO | repo=pv243-a4m36jee-2018-security-seminar | action=commit
2025-06-05 12:46:00 | INFO | repo=pv243-a4m36jee-2018-security-seminar | action=commit
2025-04-23 14:49:00 | DEBUG | repo=pv243-a4m36jee-2018-security-seminar | action=commit
2025-09-16 18:36:00 | INFO | repo=pv243-a4m36jee-2018-security-seminar | action=commit
2025-03-23 12:27:00 | DEBUG | repo=pv243-a4m36jee-2018-security-seminar | action=commit
2025-01-13 18:53:00 | DEBUG | repo=pv243-a4m36jee-2018-security-seminar | action=pull
2025-01-11 09:22:00 | WARN | repo=pv243-a4m36jee-2018-security-seminar | action=commit
2025-12-09 18:34:00 | INFO | repo=pv243-a4m36jee-2018-security-seminar | action=commit
2025-01-13 07:11:00 | DEBUG | repo=pv243-a4m36jee-2018-security-seminar | action=commit
